<?xml version="1.0" encoding="UTF-8"?>
<!-- Generated by org.testng.reporters.JUnitReportReporter -->
<testsuite hostname="CHELENL054" name="learnTestNG.TestNG_Priority" tests="3" failures="0" timestamp="18 Dec 2020 13:46:02 GMT" time="0.010" errors="0">
  <testcase name="cFirst" time="0.007" classname="learnTestNG.TestNG_Priority"/>
  <testcase name="aThird" time="0.002" classname="learnTestNG.TestNG_Priority"/>
  <testcase name="bSecond" time="0.001" classname="learnTestNG.TestNG_Priority"/>
</testsuite> <!-- learnTestNG.TestNG_Priority -->
