<?xml version="1.0" encoding="UTF-8"?>
<!-- Generated by org.testng.reporters.JUnitReportReporter -->
<testsuite hostname="CHELENL054" name="Learn_Selenium.SeleniumMainTest" tests="2" failures="0" timestamp="5 Nov 2020 13:47:01 GMT" time="0.014" errors="0">
  <testcase name="LearnTestNGListener" time="0.007" classname="Learn_Selenium.SeleniumMainTest"/>
  <testcase name="CurrentMethod" time="0.007" classname="Learn_Selenium.SeleniumMainTest"/>
</testsuite> <!-- Learn_Selenium.SeleniumMainTest -->
