<?xml version="1.0" encoding="UTF-8"?>
<!-- Generated by org.testng.reporters.JUnitReportReporter -->
<testsuite hostname="CHELENL054" name="DataDrivenFramework.ExcelReadJXL" tests="1" failures="0" timestamp="29 Dec 2020 06:55:29 GMT" time="0.239" errors="0">
  <testcase name="ReadExcelData" time="0.239" classname="DataDrivenFramework.ExcelReadJXL"/>
</testsuite> <!-- DataDrivenFramework.ExcelReadJXL -->
