<?xml version="1.0" encoding="UTF-8"?>
<!-- Generated by org.testng.reporters.JUnitReportReporter -->
<testsuite hostname="CHELENL054" name="learnTestNG.TestNG_Dependencies" tests="3" failures="0" timestamp="18 Dec 2020 13:46:02 GMT" time="0.014" errors="0">
  <testcase name="cFirst" time="0.003" classname="learnTestNG.TestNG_Dependencies"/>
  <testcase name="bSecond" time="0.009" classname="learnTestNG.TestNG_Dependencies"/>
  <testcase name="aThird" time="0.002" classname="learnTestNG.TestNG_Dependencies"/>
</testsuite> <!-- learnTestNG.TestNG_Dependencies -->
