<?xml version="1.0" encoding="UTF-8"?>
<!-- Generated by org.testng.reporters.JUnitReportReporter -->
<testsuite hostname="CHELENL054" name="learnTestNG.TestNG_Grouping" tests="1" failures="0" timestamp="29 Dec 2020 06:38:56 GMT" time="0.012" errors="0">
  <testcase name="Apple" time="0.012" classname="learnTestNG.TestNG_Grouping"/>
</testsuite> <!-- learnTestNG.TestNG_Grouping -->
