<?xml version="1.0" encoding="UTF-8"?>
<!-- Generated by org.testng.reporters.JUnitReportReporter -->
<testsuite hostname="CHELENL054" name="Learn_Selenium.LearnAnnotation" tests="2" failures="0" timestamp="6 Nov 2020 13:45:47 GMT" time="0.014" errors="0">
  <testcase name="LearnTestNGListener" time="0.004" classname="Learn_Selenium.LearnAnnotation"/>
  <testcase name="CurrentMethod" time="0.010" classname="Learn_Selenium.LearnAnnotation"/>
</testsuite> <!-- Learn_Selenium.LearnAnnotation -->
