<?xml version="1.0" encoding="UTF-8"?>
<!-- Generated by org.testng.reporters.JUnitReportReporter -->
<testsuite hostname="CHELENL054" name="learnTestNG.BeforeAfterSuite_TestNG" tests="3" failures="0" timestamp="18 Dec 2020 13:46:02 GMT" time="10.966" errors="0">
  <testcase name="cBing" time="2.249" classname="learnTestNG.BeforeAfterSuite_TestNG"/>
  <testcase name="bYahoo" time="6.504" classname="learnTestNG.BeforeAfterSuite_TestNG"/>
  <testcase name="aGoogle" time="2.213" classname="learnTestNG.BeforeAfterSuite_TestNG"/>
</testsuite> <!-- learnTestNG.BeforeAfterSuite_TestNG -->
