<?xml version="1.0" encoding="UTF-8"?>
<!-- Generated by org.testng.reporters.JUnitReportReporter -->
<testsuite hostname="CHELENL054" name="Test.testNGTrial" tests="3" failures="0" timestamp="18 Dec 2020 11:44:30 GMT" time="5.534" errors="0">
  <testcase name="cBing" time="0.784" classname="Test.testNGTrial"/>
  <testcase name="aGoogle" time="1.621" classname="Test.testNGTrial"/>
  <testcase name="bYahoo" time="3.129" classname="Test.testNGTrial"/>
</testsuite> <!-- Test.testNGTrial -->
